<?xml version="1.0" encoding="UTF-8"?>
<testsuite xmlns:xsi="http://www.w3.org/2001/XMLSchema-instance" xsi:noNamespaceSchemaLocation="https://maven.apache.org/surefire/maven-surefire-plugin/xsd/surefire-test-report.xsd" version="3.0.2" name="me.grid.email_validator.api.ApiTests" time="4.455" tests="4" errors="0" skipped="0" failures="0">
  <properties>
[...]
</properties>
  <testcase name="testWithValidBody_ValidEmails" classname="me.grid.email_validator.api.ApiTests" time="1.898">
    <system-out><![CDATA[Standard Commons Logging discovery in action with spring-jcl: please remove commons-logging.jar from classpath in order to avoid potential conflicts
09:54:43.487 [main] INFO org.springframework.test.context.support.AnnotationConfigContextLoaderUtils -- Could not detect default configuration classes for test class [me.grid.email_validator.api.ApiTests]: ApiTests does not declare any static, non-private, non-final, nested classes annotated with @Configuration.
09:54:43.613 [main] INFO org.springframework.boot.test.context.SpringBootTestContextBootstrapper -- Found @SpringBootConfiguration me.grid.email_validator.EmailValidatorApplication for test class me.grid.email_validator.api.ApiTests

  .   ____          _            __ _ _
 /\\ / ___'_ __ _ _(_)_ __  __ _ \ \ \ \
( ( )\___ | '_ | '_| | '_ \/ _` | \ \ \ \
 \\/  ___)| |_)| | | | | || (_| |  ) ) ) )
  '  |____| .__|_| |_|_| |_\__, | / / / /
 =========|_|==============|___/=/_/_/_/

 :: Spring Boot ::                (v3.4.4)

2025-03-28T09:54:44.425+02:00  INFO 69486 --- [email-validator] [           main] me.grid.email_validator.api.ApiTests     : Starting ApiTests using Java 23.0.2 with PID 69486 (started by mpavliuk in /Users/mpavliuk/IdeaProjects/email-validator)
2025-03-28T09:54:44.426+02:00  INFO 69486 --- [email-validator] [           main] me.grid.email_validator.api.ApiTests     : No active profile set, falling back to 1 default profile: "default"
2025-03-28T09:54:45.156+02:00  INFO 69486 --- [email-validator] [           main] o.s.b.w.embedded.tomcat.TomcatWebServer  : Tomcat initialized with port 8080 (http)
2025-03-28T09:54:45.170+02:00  INFO 69486 --- [email-validator] [           main] o.apache.catalina.core.StandardService   : Starting service [Tomcat]
2025-03-28T09:54:45.171+02:00  INFO 69486 --- [email-validator] [           main] o.apache.catalina.core.StandardEngine    : Starting Servlet engine: [Apache Tomcat/10.1.39]
2025-03-28T09:54:45.206+02:00  INFO 69486 --- [email-validator] [           main] o.a.c.c.C.[Tomcat].[localhost].[/]       : Initializing Spring embedded WebApplicationContext
2025-03-28T09:54:45.207+02:00  INFO 69486 --- [email-validator] [           main] w.s.c.ServletWebServerApplicationContext : Root WebApplicationContext: initialization completed in 746 ms
Standard Commons Logging discovery in action with spring-jcl: please remove commons-logging.jar from classpath in order to avoid potential conflicts
2025-03-28T09:54:45.785+02:00  INFO 69486 --- [email-validator] [           main] o.s.b.w.embedded.tomcat.TomcatWebServer  : Tomcat started on port 8080 (http) with context path '/'
2025-03-28T09:54:45.791+02:00  INFO 69486 --- [email-validator] [           main] me.grid.email_validator.api.ApiTests     : Started ApiTests in 1.637 seconds (process running for 2.952)
2025-03-28T09:54:47.115+02:00  INFO 69486 --- [email-validator] [nio-8080-exec-1] o.a.c.c.C.[Tomcat].[localhost].[/]       : Initializing Spring DispatcherServlet 'dispatcherServlet'
2025-03-28T09:54:47.116+02:00  INFO 69486 --- [email-validator] [nio-8080-exec-1] o.s.web.servlet.DispatcherServlet        : Initializing Servlet 'dispatcherServlet'
2025-03-28T09:54:47.117+02:00  INFO 69486 --- [email-validator] [nio-8080-exec-1] o.s.web.servlet.DispatcherServlet        : Completed initialization in 1 ms
]]></system-out>
    <system-err><![CDATA[Mockito is currently self-attaching to enable the inline-mock-maker. This will no longer work in future releases of the JDK. Please add Mockito as an agent to your build what is described in Mockito's documentation: https://javadoc.io/doc/org.mockito/mockito-core/latest/org/mockito/Mockito.html#0.3
WARNING: A Java agent has been loaded dynamically (/Users/mpavliuk/.m2/repository/net/bytebuddy/byte-buddy-agent/1.15.11/byte-buddy-agent-1.15.11.jar)
WARNING: If a serviceability tool is in use, please run with -XX:+EnableDynamicAgentLoading to hide this warning
WARNING: If a serviceability tool is not in use, please run with -Djdk.instrument.traceUsage for more information
WARNING: Dynamic loading of agents will be disallowed by default in a future release
]]></system-err>
  </testcase>
  <testcase name="testWithInvalidBody" classname="me.grid.email_validator.api.ApiTests" time="0.033">
    <system-out><![CDATA[Exception caught: Not a valid request body. Try {"emails":[...]}
]]></system-out>
  </testcase>
  <testcase name="testWithoutABody" classname="me.grid.email_validator.api.ApiTests" time="0.015">
    <system-out><![CDATA[Exception caught: Required request body is missing: public me.grid.email_validator.dataTransferObjects.EmailResponse me.grid.email_validator.controllers.EmailValidationController.getGroupedEmails(me.grid.email_validator.dataTransferObjects.EmailRequest)
]]></system-out>
  </testcase>
  <testcase name="testWithValidBody_InvalidEmails" classname="me.grid.email_validator.api.ApiTests" time="0.032"/>
</testsuite>